C:\USERS\IWILLIAMS\DESKTOP\RETREIVED FILES\IPSCOM\COMPRESS\RELEASE\.NETFRAMEWORK,VERSION=V4.0.ASSEMBLYATTRIBUTES.OBJ
C:\USERS\IWILLIAMS\DESKTOP\RETREIVED FILES\IPSCOM\COMPRESS\RELEASE\APP.RES
C:\USERS\IWILLIAMS\DESKTOP\RETREIVED FILES\IPSCOM\COMPRESS\RELEASE\ASSEMBLYINFO.OBJ
C:\Users\iwilliams\Desktop\retreived files\IPSCOM\Compress\Release\cl.command.1.tlog
C:\Users\iwilliams\Desktop\retreived files\IPSCOM\Compress\Release\CL.read.1.tlog
C:\Users\iwilliams\Desktop\retreived files\IPSCOM\Compress\Release\CL.write.1.tlog
C:\USERS\IWILLIAMS\DESKTOP\RETREIVED FILES\IPSCOM\COMPRESS\RELEASE\COMPRESS.DLL.INTERMEDIATE.MANIFEST
C:\USERS\IWILLIAMS\DESKTOP\RETREIVED FILES\IPSCOM\COMPRESS\RELEASE\COMPRESS.OBJ
C:\USERS\IWILLIAMS\DESKTOP\RETREIVED FILES\IPSCOM\COMPRESS\RELEASE\COMPRESS.PCH
C:\Users\iwilliams\Desktop\retreived files\IPSCOM\Compress\Release\Compress.write.1.tlog
C:\Users\iwilliams\Desktop\retreived files\IPSCOM\Compress\Release\link.command.1.tlog
C:\Users\iwilliams\Desktop\retreived files\IPSCOM\Compress\Release\link.read.1.tlog
C:\Users\iwilliams\Desktop\retreived files\IPSCOM\Compress\Release\link.write.1.tlog
C:\Users\iwilliams\Desktop\retreived files\IPSCOM\Compress\Release\link-cvtres.read.1.tlog
C:\Users\iwilliams\Desktop\retreived files\IPSCOM\Compress\Release\link-cvtres.write.1.tlog
C:\Users\iwilliams\Desktop\retreived files\IPSCOM\Compress\Release\mt.command.1.tlog
C:\Users\iwilliams\Desktop\retreived files\IPSCOM\Compress\Release\mt.read.1.tlog
C:\Users\iwilliams\Desktop\retreived files\IPSCOM\Compress\Release\mt.write.1.tlog
C:\Users\iwilliams\Desktop\retreived files\IPSCOM\Compress\Release\rc.command.1.tlog
C:\Users\iwilliams\Desktop\retreived files\IPSCOM\Compress\Release\rc.read.1.tlog
C:\Users\iwilliams\Desktop\retreived files\IPSCOM\Compress\Release\rc.write.1.tlog
C:\USERS\IWILLIAMS\DESKTOP\RETREIVED FILES\IPSCOM\COMPRESS\RELEASE\STDAFX.OBJ
C:\USERS\IWILLIAMS\DESKTOP\RETREIVED FILES\IPSCOM\COMPRESS\RELEASE\VC100.PDB
C:\USERS\IWILLIAMS\DESKTOP\RETREIVED FILES\IPSCOM\RELEASE\COMPRESS.DLL
C:\USERS\IWILLIAMS\DESKTOP\RETREIVED FILES\IPSCOM\RELEASE\COMPRESS.PDB
