C:\USERS\IWILLIAMS\DESKTOP\RETREIVED FILES\IPSCOM\COMPRESS\DEBUG\.NETFRAMEWORK,VERSION=V4.0.ASSEMBLYATTRIBUTES.OBJ
C:\USERS\IWILLIAMS\DESKTOP\RETREIVED FILES\IPSCOM\COMPRESS\DEBUG\APP.RES
C:\USERS\IWILLIAMS\DESKTOP\RETREIVED FILES\IPSCOM\COMPRESS\DEBUG\ASSEMBLYINFO.OBJ
C:\Users\iwilliams\Desktop\retreived files\IPSCOM\Compress\Debug\cl.command.1.tlog
C:\Users\iwilliams\Desktop\retreived files\IPSCOM\Compress\Debug\CL.read.1.tlog
C:\Users\iwilliams\Desktop\retreived files\IPSCOM\Compress\Debug\CL.write.1.tlog
C:\USERS\IWILLIAMS\DESKTOP\RETREIVED FILES\IPSCOM\COMPRESS\DEBUG\COMPRESS.DLL.INTERMEDIATE.MANIFEST
C:\USERS\IWILLIAMS\DESKTOP\RETREIVED FILES\IPSCOM\COMPRESS\DEBUG\COMPRESS.OBJ
C:\USERS\IWILLIAMS\DESKTOP\RETREIVED FILES\IPSCOM\COMPRESS\DEBUG\COMPRESS.PCH
C:\Users\iwilliams\Desktop\retreived files\IPSCOM\Compress\Debug\Compress.write.1.tlog
C:\Users\iwilliams\Desktop\retreived files\IPSCOM\Compress\Debug\link.8716.read.1.tlog
C:\Users\iwilliams\Desktop\retreived files\IPSCOM\Compress\Debug\link.8716.write.1.tlog
C:\Users\iwilliams\Desktop\retreived files\IPSCOM\Compress\Debug\link.8716-cvtres.read.1.tlog
C:\Users\iwilliams\Desktop\retreived files\IPSCOM\Compress\Debug\link.8716-cvtres.write.1.tlog
C:\Users\iwilliams\Desktop\retreived files\IPSCOM\Compress\Debug\link.command.1.tlog
C:\Users\iwilliams\Desktop\retreived files\IPSCOM\Compress\Debug\link.read.1.tlog
C:\Users\iwilliams\Desktop\retreived files\IPSCOM\Compress\Debug\link.write.1.tlog
C:\Users\iwilliams\Desktop\retreived files\IPSCOM\Compress\Debug\mt.command.1.tlog
C:\Users\iwilliams\Desktop\retreived files\IPSCOM\Compress\Debug\mt.read.1.tlog
C:\Users\iwilliams\Desktop\retreived files\IPSCOM\Compress\Debug\mt.write.1.tlog
C:\Users\iwilliams\Desktop\retreived files\IPSCOM\Compress\Debug\rc.command.1.tlog
C:\Users\iwilliams\Desktop\retreived files\IPSCOM\Compress\Debug\rc.read.1.tlog
C:\Users\iwilliams\Desktop\retreived files\IPSCOM\Compress\Debug\rc.write.1.tlog
C:\USERS\IWILLIAMS\DESKTOP\RETREIVED FILES\IPSCOM\COMPRESS\DEBUG\STDAFX.OBJ
C:\USERS\IWILLIAMS\DESKTOP\RETREIVED FILES\IPSCOM\COMPRESS\DEBUG\VC100.PDB
C:\USERS\IWILLIAMS\DESKTOP\RETREIVED FILES\IPSCOM\DEBUG\COMPRESS.DLL
C:\USERS\IWILLIAMS\DESKTOP\RETREIVED FILES\IPSCOM\DEBUG\COMPRESS.ILK
C:\USERS\IWILLIAMS\DESKTOP\RETREIVED FILES\IPSCOM\DEBUG\COMPRESS.PDB
