  Stdafx.cpp
  AssemblyInfo.cpp
  Compress.cpp
Compress.cpp(649): warning C4018: '<' : signed/unsigned mismatch
Compress.cpp(669): warning C4018: '<' : signed/unsigned mismatch
Compress.cpp(848): warning C4996: 'fopen': This function or variable may be unsafe. Consider using fopen_s instead. To disable deprecation, use _CRT_SECURE_NO_WARNINGS. See online help for details.
          c:\Program Files (x86)\Microsoft Visual Studio 10.0\VC\include\stdio.h(234) : see declaration of 'fopen'
Compress.cpp(867): warning C4996: 'fopen': This function or variable may be unsafe. Consider using fopen_s instead. To disable deprecation, use _CRT_SECURE_NO_WARNINGS. See online help for details.
          c:\Program Files (x86)\Microsoft Visual Studio 10.0\VC\include\stdio.h(234) : see declaration of 'fopen'
Compress.cpp(873): warning C4996: 'fopen': This function or variable may be unsafe. Consider using fopen_s instead. To disable deprecation, use _CRT_SECURE_NO_WARNINGS. See online help for details.
          c:\Program Files (x86)\Microsoft Visual Studio 10.0\VC\include\stdio.h(234) : see declaration of 'fopen'
Compress.cpp(897): warning C4018: '<' : signed/unsigned mismatch
Compress.cpp(917): warning C4996: 'fopen': This function or variable may be unsafe. Consider using fopen_s instead. To disable deprecation, use _CRT_SECURE_NO_WARNINGS. See online help for details.
          c:\Program Files (x86)\Microsoft Visual Studio 10.0\VC\include\stdio.h(234) : see declaration of 'fopen'
Compress.cpp(923): warning C4996: 'fopen': This function or variable may be unsafe. Consider using fopen_s instead. To disable deprecation, use _CRT_SECURE_NO_WARNINGS. See online help for details.
          c:\Program Files (x86)\Microsoft Visual Studio 10.0\VC\include\stdio.h(234) : see declaration of 'fopen'
  Generating Code...
c:\users\iwilliams\desktop\retreived files\ipscom\compress\compress.cpp(151): warning C4715: 'Compress::Compress::GetBit' : not all control paths return a value
c:\users\iwilliams\desktop\retreived files\ipscom\compress\compress.cpp(174): warning C4715: 'Compress::Compress::GetBit' : not all control paths return a value
c:\users\iwilliams\desktop\retreived files\ipscom\compress\compress.cpp(635): warning C4700: uninitialized local variable 'crc' used
  .NETFramework,Version=v4.0.AssemblyAttributes.cpp
  Compress.vcxproj -> C:\Users\iwilliams\Desktop\retreived files\IPSCOM\Debug\Compress.dll
